<?xml version="1.0" encoding="UTF-8"?>
<!-- Generated by org.testng.reporters.JUnitReportReporter -->
<testsuite skipped="0" hostname="LP-PC0MQFYK" name="SeleniumGrid.GridDemo" tests="1" failures="0" timestamp="25 Feb 2018 13:49:51 GMT" time="14.892" errors="0">
  <testcase name="demo" time="14.892" classname="SeleniumGrid.GridDemo"/>
</testsuite> <!-- SeleniumGrid.GridDemo -->
