<?xml version="1.0" encoding="UTF-8"?>
<!-- Generated by org.testng.reporters.JUnitReportReporter -->
<testsuite skipped="0" hostname="LP-PC0MQFYK" name="com.seleniumdemo.TestDemo" tests="2" failures="0" timestamp="25 Feb 2018 07:59:23 GMT" time="0.011" errors="0">
  <testcase name="m" time="0.010" classname="com.seleniumdemo.TestDemo"/>
  <testcase name="m1" time="0.001" classname="com.seleniumdemo.TestDemo"/>
</testsuite> <!-- com.seleniumdemo.TestDemo -->
